<?xml version="1.0" encoding="UTF-8"?>
<!-- Generated by org.testng.reporters.JUnitReportReporter -->
<testsuite hostname="DESKTOP-G8O6OG0" failures="0" tests="1" name="com.MyTests.D02TrialTestNGClass" time="0.023" errors="0" timestamp="2025-10-28T20:39:05 IST" skipped="0">
  <testcase classname="com.MyTests.D02TrialTestNGClass" name="trialTest" time="0.023"/>
</testsuite> <!-- com.MyTests.D02TrialTestNGClass -->
