<?xml version="1.0" encoding="UTF-8"?>
<!-- Generated by org.testng.reporters.JUnitReportReporter -->
<testsuite hostname="DESKTOP-G8O6OG0" failures="0" tests="5" name="com.TestNGDemos.D12CreateLoginData" time="0.180" errors="0" timestamp="2025-10-23T22:07:22 IST" skipped="0">
  <testcase classname="com.TestNGDemos.D12CreateLoginData" name="createLoginData" time="0.007"/>
  <testcase classname="com.TestNGDemos.D12CreateLoginData" name="createLoginData" time="0.138"/>
  <testcase classname="com.TestNGDemos.D12CreateLoginData" name="createLoginData" time="0.007"/>
  <testcase classname="com.TestNGDemos.D12CreateLoginData" name="createLoginData" time="0.019"/>
  <testcase classname="com.TestNGDemos.D12CreateLoginData" name="createLoginData" time="0.009"/>
</testsuite> <!-- com.TestNGDemos.D12CreateLoginData -->
