<?xml version="1.0" encoding="UTF-8"?>
<!-- Generated by org.testng.reporters.JUnitReportReporter -->
<testsuite hostname="DESKTOP-G8O6OG0" failures="0" tests="4" name="com.TestNGDemos.D02TestOSApplication" time="237.983" errors="0" timestamp="2025-10-21T22:19:05 IST" skipped="0">
  <testcase classname="com.TestNGDemos.D02TestOSApplication" name="testOnyc" time="57.749"/>
  <testcase classname="com.TestNGDemos.D02TestOSApplication" name="testFirstCry" time="60.574"/>
  <testcase classname="com.TestNGDemos.D02TestOSApplication" name="testLittleBox" time="60.036"/>
  <testcase classname="com.TestNGDemos.D02TestOSApplication" name="testLibas" time="59.624"/>
</testsuite> <!-- com.TestNGDemos.D02TestOSApplication -->
