<?xml version="1.0" encoding="UTF-8"?>
<!-- Generated by org.testng.reporters.JUnitReportReporter -->
<testsuite hostname="DESKTOP-G8O6OG0" failures="0" tests="1" name="com.TestNGDemos.D08KeywordDrivenFramework" time="3.688" errors="0" timestamp="2025-10-22T21:24:33 IST" skipped="0">
  <testcase classname="com.TestNGDemos.D08KeywordDrivenFramework" name="automobileTest" time="3.688"/>
</testsuite> <!-- com.TestNGDemos.D08KeywordDrivenFramework -->
