<?xml version="1.0" encoding="UTF-8"?>
<!-- Generated by org.testng.reporters.JUnitReportReporter -->
<testsuite hostname="DESKTOP-G8O6OG0" failures="0" tests="4" name="com.TestNGDemos.D03Before_AfterTest" time="43.503" errors="0" timestamp="2025-10-16T21:16:50 IST" skipped="0">
  <testcase classname="com.TestNGDemos.D03Before_AfterTest" name="testOnyc" time="11.348"/>
  <testcase classname="com.TestNGDemos.D03Before_AfterTest" name="testFirstCry" time="6.437"/>
  <testcase classname="com.TestNGDemos.D03Before_AfterTest" name="testLittleBox" time="11.728"/>
  <testcase classname="com.TestNGDemos.D03Before_AfterTest" name="testLibas" time="13.990"/>
</testsuite> <!-- com.TestNGDemos.D03Before_AfterTest -->
