<?xml version="1.0" encoding="UTF-8"?>
<!-- Generated by org.testng.reporters.JUnitReportReporter -->
<testsuite hostname="DESKTOP-G8O6OG0" failures="0" tests="4" name="com.TestNGDemos.D03Before_AfterTest" time="31.218" errors="0" timestamp="2025-10-21T21:53:22 IST" skipped="0">
  <testcase classname="com.TestNGDemos.D03Before_AfterTest" name="testOnyc" time="8.255"/>
  <testcase classname="com.TestNGDemos.D03Before_AfterTest" name="testFirstCry" time="6.210"/>
  <testcase classname="com.TestNGDemos.D03Before_AfterTest" name="testLittleBox" time="8.782"/>
  <testcase classname="com.TestNGDemos.D03Before_AfterTest" name="testLibas" time="7.971"/>
</testsuite> <!-- com.TestNGDemos.D03Before_AfterTest -->
