<?xml version="1.0" encoding="UTF-8"?>
<!-- Generated by org.testng.reporters.JUnitReportReporter -->
<testsuite hostname="DESKTOP-G8O6OG0" failures="0" tests="4" name="com.TestNGDemos.D06DataProviderDemo" time="0.023" errors="0" timestamp="2025-10-16T22:19:23 IST" skipped="0">
  <testcase classname="com.TestNGDemos.D06DataProviderDemo" name="f" time="0.013"/>
  <testcase classname="com.TestNGDemos.D06DataProviderDemo" name="f" time="0.003"/>
  <testcase classname="com.TestNGDemos.D06DataProviderDemo" name="f" time="0.003"/>
  <testcase classname="com.TestNGDemos.D06DataProviderDemo" name="f" time="0.004"/>
</testsuite> <!-- com.TestNGDemos.D06DataProviderDemo -->
