<?xml version="1.0" encoding="UTF-8"?>
<!-- Generated by org.testng.reporters.JUnitReportReporter -->
<testsuite hostname="DESKTOP-G8O6OG0" failures="0" tests="4" name="com.TestNGDemos.D04Before_After_Method" time="36.499" errors="0" timestamp="2025-10-21T21:53:22 IST" skipped="0">
  <testcase classname="com.TestNGDemos.D04Before_After_Method" name="testOnyc" time="13.101"/>
  <testcase classname="com.TestNGDemos.D04Before_After_Method" name="testFirstCry" time="5.819"/>
  <testcase classname="com.TestNGDemos.D04Before_After_Method" name="testLittleBox" time="8.481"/>
  <testcase classname="com.TestNGDemos.D04Before_After_Method" name="testLibas" time="9.098"/>
</testsuite> <!-- com.TestNGDemos.D04Before_After_Method -->
