<?xml version="1.0" encoding="UTF-8"?>
<!-- Generated by org.testng.reporters.JUnitReportReporter -->
<testsuite hostname="DESKTOP-G8O6OG0" failures="0" tests="2" name="com.TestNGDemos.D09POM_Client" time="7.337" errors="0" timestamp="2025-10-22T22:29:28 IST" skipped="0">
  <testcase classname="com.TestNGDemos.D09POM_Client" name="registration2" time="3.580"/>
  <testcase classname="com.TestNGDemos.D09POM_Client" name="registration1" time="3.757"/>
</testsuite> <!-- com.TestNGDemos.D09POM_Client -->
