<?xml version="1.0" encoding="UTF-8"?>
<!-- Generated by org.testng.reporters.JUnitReportReporter -->
<testsuite hostname="DESKTOP-G8O6OG0" failures="0" tests="4" name="com.TestNGDemos.D02TestOSApplication" time="56.106" errors="0" timestamp="2025-10-16T20:53:16 IST" skipped="0">
  <testcase classname="com.TestNGDemos.D02TestOSApplication" name="testOnyc" time="19.184"/>
  <testcase classname="com.TestNGDemos.D02TestOSApplication" name="testFirstCry" time="9.468"/>
  <testcase classname="com.TestNGDemos.D02TestOSApplication" name="testLittleBox" time="15.095"/>
  <testcase classname="com.TestNGDemos.D02TestOSApplication" name="testLibas" time="12.359"/>
</testsuite> <!-- com.TestNGDemos.D02TestOSApplication -->
