<?xml version="1.0" encoding="UTF-8"?>
<!-- Generated by org.testng.reporters.JUnitReportReporter -->
<testsuite hostname="DESKTOP-G8O6OG0" failures="0" tests="2" name="com.TestNGDemos.D13ReadFromExcel" time="0.018" errors="0" timestamp="2025-10-23T22:21:37 IST" skipped="1">
  <testcase classname="com.TestNGDemos.D13ReadFromExcel" name="readAllData" time="0.018"/>
  <testcase classname="com.TestNGDemos.D13ReadFromExcel" name="readSingleData">
    <skipped/>
  </testcase> <!-- readSingleData -->
</testsuite> <!-- com.TestNGDemos.D13ReadFromExcel -->
