<?xml version="1.0" encoding="UTF-8"?>
<!-- Generated by org.testng.reporters.JUnitReportReporter -->
<testsuite hostname="DESKTOP-G8O6OG0" failures="0" tests="1" name="com.TestNGDemos.D08KeywordDrivenFramework" time="2.828" errors="0" timestamp="2025-10-23T20:17:47 IST" skipped="0">
  <testcase classname="com.TestNGDemos.D08KeywordDrivenFramework" name="automobileTest" time="2.828"/>
</testsuite> <!-- com.TestNGDemos.D08KeywordDrivenFramework -->
