<?xml version="1.0" encoding="UTF-8"?>
<!-- Generated by org.testng.reporters.JUnitReportReporter -->
<testsuite hostname="DESKTOP-G8O6OG0" failures="0" tests="2" name="com.TestNGDemos.D05AmazonAssignment" time="25.505" errors="0" timestamp="2025-10-21T22:12:20 IST" skipped="0">
  <testcase classname="com.TestNGDemos.D05AmazonAssignment" name="clickOnSell" time="17.055"/>
  <testcase classname="com.TestNGDemos.D05AmazonAssignment" name="clickOnTodaysDeals" time="8.450"/>
</testsuite> <!-- com.TestNGDemos.D05AmazonAssignment -->
