<?xml version="1.0" encoding="UTF-8"?>
<!-- Generated by org.testng.reporters.JUnitReportReporter -->
<testsuite hostname="DESKTOP-G8O6OG0" failures="0" tests="4" name="com.TestNGDemos.D02TestOSApplication" time="93.345" errors="0" timestamp="2025-10-22T20:21:41 IST" skipped="0">
  <testcase classname="com.TestNGDemos.D02TestOSApplication" name="testOnyc" time="35.297"/>
  <testcase classname="com.TestNGDemos.D02TestOSApplication" name="testFirstCry" time="18.588"/>
  <testcase classname="com.TestNGDemos.D02TestOSApplication" name="testLittleBox" time="28.028"/>
  <testcase classname="com.TestNGDemos.D02TestOSApplication" name="testLibas" time="11.432"/>
</testsuite> <!-- com.TestNGDemos.D02TestOSApplication -->
