<?xml version="1.0" encoding="UTF-8"?>
<!-- Generated by org.testng.reporters.JUnitReportReporter -->
<testsuite hostname="DESKTOP-G8O6OG0" failures="0" tests="5" name="com.TestNGDemos.D14LoginToOHRM_DDF" time="20.796" errors="0" timestamp="2025-10-27T21:29:06 IST" skipped="0">
  <testcase classname="com.TestNGDemos.D14LoginToOHRM_DDF" name="loginToOHRM" time="3.795"/>
  <testcase classname="com.TestNGDemos.D14LoginToOHRM_DDF" name="loginToOHRM" time="3.931"/>
  <testcase classname="com.TestNGDemos.D14LoginToOHRM_DDF" name="loginToOHRM" time="5.289"/>
  <testcase classname="com.TestNGDemos.D14LoginToOHRM_DDF" name="loginToOHRM" time="2.352"/>
  <testcase classname="com.TestNGDemos.D14LoginToOHRM_DDF" name="loginToOHRM" time="5.429"/>
</testsuite> <!-- com.TestNGDemos.D14LoginToOHRM_DDF -->
