<?xml version="1.0" encoding="UTF-8"?>
<!-- Generated by org.testng.reporters.JUnitReportReporter -->
<testsuite hostname="DESKTOP-G8O6OG0" failures="0" tests="4" name="com.Assignments.LoginToOHRM" time="10.926" errors="0" timestamp="2025-10-16T22:02:54 IST" skipped="0">
  <testcase classname="com.Assignments.LoginToOHRM" name="login2" time="3.704"/>
  <testcase classname="com.Assignments.LoginToOHRM" name="login3" time="0.844"/>
  <testcase classname="com.Assignments.LoginToOHRM" name="login1" time="2.892"/>
  <testcase classname="com.Assignments.LoginToOHRM" name="login4" time="3.486"/>
</testsuite> <!-- com.Assignments.LoginToOHRM -->
