<?xml version="1.0" encoding="UTF-8"?>
<!-- Generated by org.testng.reporters.JUnitReportReporter -->
<testsuite hostname="DESKTOP-G8O6OG0" failures="0" tests="4" name="com.TestNGDemos.D04Before_After_Method" time="42.721" errors="0" timestamp="2025-10-16T21:32:03 IST" skipped="0">
  <testcase classname="com.TestNGDemos.D04Before_After_Method" name="testOnyc" time="15.250"/>
  <testcase classname="com.TestNGDemos.D04Before_After_Method" name="testFirstCry" time="7.206"/>
  <testcase classname="com.TestNGDemos.D04Before_After_Method" name="testLittleBox" time="11.593"/>
  <testcase classname="com.TestNGDemos.D04Before_After_Method" name="testLibas" time="8.672"/>
</testsuite> <!-- com.TestNGDemos.D04Before_After_Method -->
